<?xml version="1.0" encoding="UTF-8"?>
<testng-results ignored="0" total="3" passed="2" failed="1" skipped="0">
  <reporter-output>
  </reporter-output>
  <suite started-at="2022-10-31T16:03:19 IST" name="Default suite" finished-at="2022-10-31T16:04:01 IST" duration-ms="41669">
    <groups>
    </groups>
    <test started-at="2022-10-31T16:03:19 IST" name="Default test" finished-at="2022-10-31T16:04:01 IST" duration-ms="41669">
      <class name="Module_Login1_TestClass.TestNG_Test_Class">
        <test-method is-config="true" signature="OpenBrowser()[pri:0, instance:Module_Login1_TestClass.TestNG_Test_Class@4803b726]" started-at="2022-10-31T16:03:19 IST" name="OpenBrowser" finished-at="2022-10-31T16:03:38 IST" duration-ms="18614" status="PASS">
          <reporter-output>
          </reporter-output>
        </test-method> <!-- OpenBrowser -->
        <test-method is-config="true" signature="Login()[pri:0, instance:Module_Login1_TestClass.TestNG_Test_Class@4803b726]" started-at="2022-10-31T16:03:38 IST" name="Login" finished-at="2022-10-31T16:03:43 IST" duration-ms="5077" status="PASS">
          <reporter-output>
          </reporter-output>
        </test-method> <!-- Login -->
        <test-method signature="TC1()[pri:1, instance:Module_Login1_TestClass.TestNG_Test_Class@4803b726]" started-at="2022-10-31T16:03:43 IST" name="TC1" finished-at="2022-10-31T16:03:46 IST" duration-ms="2776" status="FAIL">
          <exception class="java.lang.AssertionError">
            <message>
              <![CDATA[expected [Paul Collings] but found [Pavan Thakare]]]>
            </message>
            <full-stacktrace>
              <![CDATA[java.lang.AssertionError: expected [Paul Collings] but found [Pavan Thakare]
at org.testng.Assert.fail(Assert.java:99)
at org.testng.Assert.failNotEquals(Assert.java:1037)
at org.testng.Assert.assertEqualsImpl(Assert.java:140)
at org.testng.Assert.assertEquals(Assert.java:122)
at org.testng.Assert.assertEquals(Assert.java:629)
at org.testng.Assert.assertEquals(Assert.java:639)
at Module_Login1_TestClass.TestNG_Test_Class.TC1(TestNG_Test_Class.java:61)
at java.base/jdk.internal.reflect.NativeMethodAccessorImpl.invoke0(Native Method)
at java.base/jdk.internal.reflect.NativeMethodAccessorImpl.invoke(NativeMethodAccessorImpl.java:77)
at java.base/jdk.internal.reflect.DelegatingMethodAccessorImpl.invoke(DelegatingMethodAccessorImpl.java:43)
at java.base/java.lang.reflect.Method.invoke(Method.java:568)
at org.testng.internal.MethodInvocationHelper.invokeMethod(MethodInvocationHelper.java:133)
at org.testng.internal.TestInvoker.invokeMethod(TestInvoker.java:598)
at org.testng.internal.TestInvoker.invokeTestMethod(TestInvoker.java:173)
at org.testng.internal.MethodRunner.runInSequence(MethodRunner.java:46)
at org.testng.internal.TestInvoker$MethodInvocationAgent.invoke(TestInvoker.java:824)
at org.testng.internal.TestInvoker.invokeTestMethods(TestInvoker.java:146)
at org.testng.internal.TestMethodWorker.invokeTestMethods(TestMethodWorker.java:146)
at org.testng.internal.TestMethodWorker.run(TestMethodWorker.java:128)
at java.base/java.util.ArrayList.forEach(ArrayList.java:1511)
at org.testng.TestRunner.privateRun(TestRunner.java:794)
at org.testng.TestRunner.run(TestRunner.java:596)
at org.testng.SuiteRunner.runTest(SuiteRunner.java:377)
at org.testng.SuiteRunner.runSequentially(SuiteRunner.java:371)
at org.testng.SuiteRunner.privateRun(SuiteRunner.java:332)
at org.testng.SuiteRunner.run(SuiteRunner.java:276)
at org.testng.SuiteRunnerWorker.runSuite(SuiteRunnerWorker.java:53)
at org.testng.SuiteRunnerWorker.run(SuiteRunnerWorker.java:96)
at org.testng.TestNG.runSuitesSequentially(TestNG.java:1212)
at org.testng.TestNG.runSuitesLocally(TestNG.java:1134)
at org.testng.TestNG.runSuites(TestNG.java:1063)
at org.testng.TestNG.run(TestNG.java:1031)
at org.testng.remote.AbstractRemoteTestNG.run(AbstractRemoteTestNG.java:115)
at org.testng.remote.RemoteTestNG.initAndRun(RemoteTestNG.java:251)
at org.testng.remote.RemoteTestNG.main(RemoteTestNG.java:77)
]]>
            </full-stacktrace>
          </exception> <!-- java.lang.AssertionError -->
          <reporter-output>
          </reporter-output>
        </test-method> <!-- TC1 -->
        <test-method is-config="true" signature="LogOut(org.testng.ITestResult)[pri:0, instance:Module_Login1_TestClass.TestNG_Test_Class@4803b726]" started-at="2022-10-31T16:03:46 IST" name="LogOut" finished-at="2022-10-31T16:03:47 IST" duration-ms="1720" status="PASS">
          <params>
            <param index="0">
              <value>
                <![CDATA[[TestResult name=TC1 status=FAILURE method=TestNG_Test_Class.TC1()[pri:1, instance:Module_Login1_TestClass.TestNG_Test_Class@4803b726] output={null}]]]>
              </value>
            </param>
          </params>
          <reporter-output>
          </reporter-output>
        </test-method> <!-- LogOut -->
        <test-method is-config="true" signature="Login()[pri:0, instance:Module_Login1_TestClass.TestNG_Test_Class@4803b726]" started-at="2022-10-31T16:03:47 IST" name="Login" finished-at="2022-10-31T16:03:48 IST" duration-ms="334" status="PASS">
          <reporter-output>
          </reporter-output>
        </test-method> <!-- Login -->
        <test-method signature="TC2()[pri:2, instance:Module_Login1_TestClass.TestNG_Test_Class@4803b726]" started-at="2022-10-31T16:03:48 IST" name="TC2" finished-at="2022-10-31T16:03:52 IST" duration-ms="3750" status="PASS">
          <reporter-output>
          </reporter-output>
        </test-method> <!-- TC2 -->
        <test-method is-config="true" signature="LogOut(org.testng.ITestResult)[pri:0, instance:Module_Login1_TestClass.TestNG_Test_Class@4803b726]" started-at="2022-10-31T16:03:52 IST" name="LogOut" finished-at="2022-10-31T16:03:53 IST" duration-ms="1441" status="PASS">
          <params>
            <param index="0">
              <value>
                <![CDATA[[TestResult name=TC2 status=SUCCESS method=TestNG_Test_Class.TC2()[pri:2, instance:Module_Login1_TestClass.TestNG_Test_Class@4803b726] output={null}]]]>
              </value>
            </param>
          </params>
          <reporter-output>
          </reporter-output>
        </test-method> <!-- LogOut -->
        <test-method is-config="true" signature="Login()[pri:0, instance:Module_Login1_TestClass.TestNG_Test_Class@4803b726]" started-at="2022-10-31T16:03:53 IST" name="Login" finished-at="2022-10-31T16:03:53 IST" duration-ms="254" status="PASS">
          <reporter-output>
          </reporter-output>
        </test-method> <!-- Login -->
        <test-method signature="TC3()[pri:3, instance:Module_Login1_TestClass.TestNG_Test_Class@4803b726]" started-at="2022-10-31T16:03:53 IST" name="TC3" finished-at="2022-10-31T16:03:56 IST" duration-ms="2531" status="PASS">
          <reporter-output>
          </reporter-output>
        </test-method> <!-- TC3 -->
        <test-method is-config="true" signature="LogOut(org.testng.ITestResult)[pri:0, instance:Module_Login1_TestClass.TestNG_Test_Class@4803b726]" started-at="2022-10-31T16:03:56 IST" name="LogOut" finished-at="2022-10-31T16:04:00 IST" duration-ms="4639" status="PASS">
          <params>
            <param index="0">
              <value>
                <![CDATA[[TestResult name=TC3 status=SUCCESS method=TestNG_Test_Class.TC3()[pri:3, instance:Module_Login1_TestClass.TestNG_Test_Class@4803b726] output={null}]]]>
              </value>
            </param>
          </params>
          <reporter-output>
          </reporter-output>
        </test-method> <!-- LogOut -->
        <test-method is-config="true" signature="CloseBrowser()[pri:0, instance:Module_Login1_TestClass.TestNG_Test_Class@4803b726]" started-at="2022-10-31T16:04:00 IST" name="CloseBrowser" finished-at="2022-10-31T16:04:01 IST" duration-ms="451" status="PASS">
          <reporter-output>
          </reporter-output>
        </test-method> <!-- CloseBrowser -->
      </class> <!-- Module_Login1_TestClass.TestNG_Test_Class -->
    </test> <!-- Default test -->
  </suite> <!-- Default suite -->
</testng-results>
